{"message":"Connecting to MongoDB client...","level":"info"}
{"message":"Seed Data","level":"info"}
{"message":"Server start listening port: 3001","level":"info"}
{"message":"MongoDB client has been successfully created","level":"info"}
{"message":"Seed Data","level":"info"}
{"message":"Seed Users Done","level":"info"}
{"message":"Connecting to MongoDB client...","level":"info"}
{"message":"Seed Data","level":"info"}
{"message":"Server start listening port: 3001","level":"info"}
{"message":"MongoDB client has been successfully created","level":"info"}
{"message":"Connecting to MongoDB client...","level":"info"}
{"message":"Seed Data","level":"info"}
{"error":{"code":"MODULE_NOT_FOUND"},"level":"error","message":"uncaughtException: Cannot find module '../../mysqlconnection'\nError: Cannot find module '../../mysqlconnection'\n    at Function.Module._resolveFilename (internal/modules/cjs/loader.js:582:15)\n    at Function.Module._load (internal/modules/cjs/loader.js:508:25)\n    at Module.require (internal/modules/cjs/loader.js:637:17)\n    at require (internal/modules/cjs/helpers.js:22:18)\n    at Object.<anonymous> (E:\\projects\\CRUD-nodejs-angular\\backend\\src\\api\\contact.js:3:18)\n    at Module._compile (internal/modules/cjs/loader.js:701:30)\n    at Object.Module._extensions..js (internal/modules/cjs/loader.js:712:10)\n    at Module.load (internal/modules/cjs/loader.js:600:32)\n    at tryModuleLoad (internal/modules/cjs/loader.js:539:12)\n    at Function.Module._load (internal/modules/cjs/loader.js:531:3)","stack":"Error: Cannot find module '../../mysqlconnection'\n    at Function.Module._resolveFilename (internal/modules/cjs/loader.js:582:15)\n    at Function.Module._load (internal/modules/cjs/loader.js:508:25)\n    at Module.require (internal/modules/cjs/loader.js:637:17)\n    at require (internal/modules/cjs/helpers.js:22:18)\n    at Object.<anonymous> (E:\\projects\\CRUD-nodejs-angular\\backend\\src\\api\\contact.js:3:18)\n    at Module._compile (internal/modules/cjs/loader.js:701:30)\n    at Object.Module._extensions..js (internal/modules/cjs/loader.js:712:10)\n    at Module.load (internal/modules/cjs/loader.js:600:32)\n    at tryModuleLoad (internal/modules/cjs/loader.js:539:12)\n    at Function.Module._load (internal/modules/cjs/loader.js:531:3)","exception":true,"date":"Sun Jul 19 2020 03:43:21 GMT+0530 (India Standard Time)","process":{"pid":16636,"uid":null,"gid":null,"cwd":"E:\\projects\\CRUD-nodejs-angular\\backend","execPath":"E:\\Program Files\\node\\node.exe","version":"v10.15.3","argv":["E:\\Program Files\\node\\node.exe","E:\\projects\\CRUD-nodejs-angular\\backend\\src\\app.js"],"memoryUsage":{"rss":51822592,"heapTotal":40480768,"heapUsed":20370568,"external":18440309}},"os":{"loadavg":[0,0,0],"uptime":312474},"trace":[{"column":15,"file":"internal/modules/cjs/loader.js","function":"Module._resolveFilename","line":582,"method":"_resolveFilename","native":false},{"column":25,"file":"internal/modules/cjs/loader.js","function":"Module._load","line":508,"method":"_load","native":false},{"column":17,"file":"internal/modules/cjs/loader.js","function":"Module.require","line":637,"method":"require","native":false},{"column":18,"file":"internal/modules/cjs/helpers.js","function":"require","line":22,"method":null,"native":false},{"column":18,"file":"E:\\projects\\CRUD-nodejs-angular\\backend\\src\\api\\contact.js","function":null,"line":3,"method":null,"native":false},{"column":30,"file":"internal/modules/cjs/loader.js","function":"Module._compile","line":701,"method":"_compile","native":false},{"column":10,"file":"internal/modules/cjs/loader.js","function":"Module._extensions..js","line":712,"method":".js","native":false},{"column":32,"file":"internal/modules/cjs/loader.js","function":"Module.load","line":600,"method":"load","native":false},{"column":12,"file":"internal/modules/cjs/loader.js","function":"tryModuleLoad","line":539,"method":null,"native":false},{"column":3,"file":"internal/modules/cjs/loader.js","function":"Module._load","line":531,"method":"_load","native":false}]}
{"message":"Connecting to MongoDB client...","level":"info"}
{"message":"Seed Data","level":"info"}
{"message":"Server start listening port: 3001","level":"info"}
{"message":"MongoDB client has been successfully created","level":"info"}
{"message":"Connecting to MongoDB client...","level":"info"}
{"message":"Seed Data","level":"info"}
{"message":"Server start listening port: 3001","level":"info"}
{"message":"MongoDB client has been successfully created","level":"info"}
{"message":"Connecting to MongoDB client...","level":"info"}
{"message":"Seed Data","level":"info"}
{"message":"Server start listening port: 3001","level":"info"}
{"message":"MongoDB client has been successfully created","level":"info"}
{"message":"Connecting to MongoDB client...","level":"info"}
{"message":"Seed Data","level":"info"}
{"message":"Server start listening port: 3001","level":"info"}
{"message":"MongoDB client has been successfully created","level":"info"}
{"message":"Connecting to MongoDB client...","level":"info"}
{"message":"Seed Data","level":"info"}
{"message":"Server start listening port: 3001","level":"info"}
{"message":"MongoDB client has been successfully created","level":"info"}
{"message":"Connecting to MongoDB client...","level":"info"}
{"message":"Seed Data","level":"info"}
{"message":"Server start listening port: 3001","level":"info"}
{"message":"MongoDB client has been successfully created","level":"info"}
{"message":"Connecting to MongoDB client...","level":"info"}
{"message":"Seed Data","level":"info"}
{"message":"Server start listening port: 3001","level":"info"}
{"message":"MongoDB client has been successfully created","level":"info"}
{"message":"Connecting to MongoDB client...","level":"info"}
{"message":"Seed Data","level":"info"}
{"message":"Server start listening port: 3001","level":"info"}
{"message":"MongoDB client has been successfully created","level":"info"}
{"message":"Connecting to MongoDB client...","level":"info"}
{"message":"Seed Data","level":"info"}
{"message":"Server start listening port: 3001","level":"info"}
{"message":"MongoDB client has been successfully created","level":"info"}
{"message":"Connecting to MongoDB client...","level":"info"}
{"message":"Seed Data","level":"info"}
{"error":{},"level":"error","message":"uncaughtException: await is only valid in async function\nE:\\projects\\CRUD-nodejs-angular\\backend\\src\\api\\account.js:16\n        let result = await dbQuery.list();\n                     ^^^^^\n\nSyntaxError: await is only valid in async function\n    at new Script (vm.js:80:7)\n    at createScript (vm.js:274:10)\n    at Object.runInThisContext (vm.js:326:10)\n    at Module._compile (internal/modules/cjs/loader.js:664:28)\n    at Object.Module._extensions..js (internal/modules/cjs/loader.js:712:10)\n    at Module.load (internal/modules/cjs/loader.js:600:32)\n    at tryModuleLoad (internal/modules/cjs/loader.js:539:12)\n    at Function.Module._load (internal/modules/cjs/loader.js:531:3)\n    at Module.require (internal/modules/cjs/loader.js:637:17)\n    at require (internal/modules/cjs/helpers.js:22:18)","stack":"E:\\projects\\CRUD-nodejs-angular\\backend\\src\\api\\account.js:16\n        let result = await dbQuery.list();\n                     ^^^^^\n\nSyntaxError: await is only valid in async function\n    at new Script (vm.js:80:7)\n    at createScript (vm.js:274:10)\n    at Object.runInThisContext (vm.js:326:10)\n    at Module._compile (internal/modules/cjs/loader.js:664:28)\n    at Object.Module._extensions..js (internal/modules/cjs/loader.js:712:10)\n    at Module.load (internal/modules/cjs/loader.js:600:32)\n    at tryModuleLoad (internal/modules/cjs/loader.js:539:12)\n    at Function.Module._load (internal/modules/cjs/loader.js:531:3)\n    at Module.require (internal/modules/cjs/loader.js:637:17)\n    at require (internal/modules/cjs/helpers.js:22:18)","exception":true,"date":"Sun Jul 19 2020 04:02:07 GMT+0530 (India Standard Time)","process":{"pid":3812,"uid":null,"gid":null,"cwd":"E:\\projects\\CRUD-nodejs-angular\\backend","execPath":"E:\\Program Files\\node\\node.exe","version":"v10.15.3","argv":["E:\\Program Files\\node\\node.exe","E:\\projects\\CRUD-nodejs-angular\\backend\\src\\app.js"],"memoryUsage":{"rss":53575680,"heapTotal":40480768,"heapUsed":19122696,"external":18291415}},"os":{"loadavg":[0,0,0],"uptime":313600},"trace":[{"column":7,"file":"vm.js","function":"new Script","line":80,"method":null,"native":false},{"column":10,"file":"vm.js","function":"createScript","line":274,"method":null,"native":false},{"column":10,"file":"vm.js","function":"Object.runInThisContext","line":326,"method":"runInThisContext","native":false},{"column":28,"file":"internal/modules/cjs/loader.js","function":"Module._compile","line":664,"method":"_compile","native":false},{"column":10,"file":"internal/modules/cjs/loader.js","function":"Module._extensions..js","line":712,"method":".js","native":false},{"column":32,"file":"internal/modules/cjs/loader.js","function":"Module.load","line":600,"method":"load","native":false},{"column":12,"file":"internal/modules/cjs/loader.js","function":"tryModuleLoad","line":539,"method":null,"native":false},{"column":3,"file":"internal/modules/cjs/loader.js","function":"Module._load","line":531,"method":"_load","native":false},{"column":17,"file":"internal/modules/cjs/loader.js","function":"Module.require","line":637,"method":"require","native":false},{"column":18,"file":"internal/modules/cjs/helpers.js","function":"require","line":22,"method":null,"native":false}]}
{"message":"Connecting to MongoDB client...","level":"info"}
{"message":"Seed Data","level":"info"}
{"message":"Server start listening port: 3001","level":"info"}
{"message":"MongoDB client has been successfully created","level":"info"}
{"message":"Connecting to MongoDB client...","level":"info"}
{"message":"Seed Data","level":"info"}
{"message":"Server start listening port: 3001","level":"info"}
{"message":"MongoDB client has been successfully created","level":"info"}
{"message":"Connecting to MongoDB client...","level":"info"}
{"message":"Seed Data","level":"info"}
{"message":"Server start listening port: 3001","level":"info"}
{"message":"MongoDB client has been successfully created","level":"info"}
{"message":"Connecting to MongoDB client...","level":"info"}
{"message":"Seed Data","level":"info"}
{"message":"Server start listening port: 3001","level":"info"}
{"message":"MongoDB client has been successfully created","level":"info"}
{"message":"Connecting to MongoDB client...","level":"info"}
{"message":"Seed Data","level":"info"}
{"message":"Server start listening port: 3001","level":"info"}
{"message":"MongoDB client has been successfully created","level":"info"}
{"message":"Connecting to MongoDB client...","level":"info"}
{"message":"Seed Data","level":"info"}
{"message":"Server start listening port: 3001","level":"info"}
{"message":"MongoDB client has been successfully created","level":"info"}
{"message":"Connecting to MongoDB client...","level":"info"}
{"message":"Seed Data","level":"info"}
{"message":"Server start listening port: 3001","level":"info"}
{"message":"MongoDB client has been successfully created","level":"info"}
{"message":"Connecting to MongoDB client...","level":"info"}
{"message":"Seed Data","level":"info"}
{"message":"Server start listening port: 3001","level":"info"}
{"message":"MongoDB client has been successfully created","level":"info"}
{"message":"Connecting to MongoDB client...","level":"info"}
{"message":"Seed Data","level":"info"}
{"message":"Server start listening port: 3001","level":"info"}
{"message":"MongoDB client has been successfully created","level":"info"}
{"message":"Connecting to MongoDB client...","level":"info"}
{"message":"Seed Data","level":"info"}
{"message":"Server start listening port: 3001","level":"info"}
{"message":"MongoDB client has been successfully created","level":"info"}
{"message":"Connecting to MongoDB client...","level":"info"}
{"message":"Seed Data","level":"info"}
{"message":"Server start listening port: 3001","level":"info"}
{"message":"MongoDB client has been successfully created","level":"info"}
{"message":"Connecting to MongoDB client...","level":"info"}
{"message":"Seed Data","level":"info"}
{"message":"Server start listening port: 3001","level":"info"}
{"message":"MongoDB client has been successfully created","level":"info"}
{"message":"Connecting to MongoDB client...","level":"info"}
{"message":"Seed Data","level":"info"}
{"message":"Server start listening port: 3001","level":"info"}
{"message":"MongoDB client has been successfully created","level":"info"}
{"message":"Connecting to MongoDB client...","level":"info"}
{"message":"Seed Data","level":"info"}
{"message":"Server start listening port: 3001","level":"info"}
{"message":"MongoDB client has been successfully created","level":"info"}
{"message":"Connecting to MongoDB client...","level":"info"}
{"message":"Seed Data","level":"info"}
{"message":"Server start listening port: 3001","level":"info"}
{"message":"MongoDB client has been successfully created","level":"info"}
{"message":"Connecting to MongoDB client...","level":"info"}
{"message":"Seed Data","level":"info"}
{"message":"Server start listening port: 3001","level":"info"}
{"message":"MongoDB client has been successfully created","level":"info"}
{"message":"Connecting to MongoDB client...","level":"info"}
{"message":"Seed Data","level":"info"}
{"message":"Server start listening port: 3001","level":"info"}
{"message":"MongoDB client has been successfully created","level":"info"}
{"message":"Connecting to MongoDB client...","level":"info"}
{"message":"Seed Data","level":"info"}
{"message":"Server start listening port: 3001","level":"info"}
{"message":"MongoDB client has been successfully created","level":"info"}
{"message":"Connecting to MongoDB client...","level":"info"}
{"message":"Seed Data","level":"info"}
{"message":"Server start listening port: 3001","level":"info"}
{"message":"MongoDB client has been successfully created","level":"info"}
{"message":"Connecting to MongoDB client...","level":"info"}
{"message":"Seed Data","level":"info"}
{"message":"Server start listening port: 3001","level":"info"}
{"message":"MongoDB client has been successfully created","level":"info"}
{"message":"Connecting to MongoDB client...","level":"info"}
{"message":"Seed Data","level":"info"}
{"message":"Server start listening port: 3001","level":"info"}
{"message":"MongoDB client has been successfully created","level":"info"}
{"message":"Connecting to MongoDB client...","level":"info"}
{"message":"Seed Data","level":"info"}
{"error":{},"level":"error","message":"uncaughtException: await is only valid in async function\nE:\\projects\\CRUD-nodejs-angular\\backend\\src\\api\\contact.js:48\n        let result = await dbQuery.edit(id,req.body);\n                     ^^^^^\n\nSyntaxError: await is only valid in async function\n    at new Script (vm.js:80:7)\n    at createScript (vm.js:274:10)\n    at Object.runInThisContext (vm.js:326:10)\n    at Module._compile (internal/modules/cjs/loader.js:664:28)\n    at Object.Module._extensions..js (internal/modules/cjs/loader.js:712:10)\n    at Module.load (internal/modules/cjs/loader.js:600:32)\n    at tryModuleLoad (internal/modules/cjs/loader.js:539:12)\n    at Function.Module._load (internal/modules/cjs/loader.js:531:3)\n    at Module.require (internal/modules/cjs/loader.js:637:17)\n    at require (internal/modules/cjs/helpers.js:22:18)","stack":"E:\\projects\\CRUD-nodejs-angular\\backend\\src\\api\\contact.js:48\n        let result = await dbQuery.edit(id,req.body);\n                     ^^^^^\n\nSyntaxError: await is only valid in async function\n    at new Script (vm.js:80:7)\n    at createScript (vm.js:274:10)\n    at Object.runInThisContext (vm.js:326:10)\n    at Module._compile (internal/modules/cjs/loader.js:664:28)\n    at Object.Module._extensions..js (internal/modules/cjs/loader.js:712:10)\n    at Module.load (internal/modules/cjs/loader.js:600:32)\n    at tryModuleLoad (internal/modules/cjs/loader.js:539:12)\n    at Function.Module._load (internal/modules/cjs/loader.js:531:3)\n    at Module.require (internal/modules/cjs/loader.js:637:17)\n    at require (internal/modules/cjs/helpers.js:22:18)","exception":true,"date":"Sun Jul 19 2020 07:16:25 GMT+0530 (India Standard Time)","process":{"pid":14580,"uid":null,"gid":null,"cwd":"E:\\projects\\CRUD-nodejs-angular\\backend","execPath":"E:\\Program Files\\node\\node.exe","version":"v10.15.3","argv":["E:\\Program Files\\node\\node.exe","E:\\projects\\CRUD-nodejs-angular\\backend\\src\\app.js"],"memoryUsage":{"rss":54497280,"heapTotal":40480768,"heapUsed":19211208,"external":18291415}},"os":{"loadavg":[0,0,0],"uptime":325258},"trace":[{"column":7,"file":"vm.js","function":"new Script","line":80,"method":null,"native":false},{"column":10,"file":"vm.js","function":"createScript","line":274,"method":null,"native":false},{"column":10,"file":"vm.js","function":"Object.runInThisContext","line":326,"method":"runInThisContext","native":false},{"column":28,"file":"internal/modules/cjs/loader.js","function":"Module._compile","line":664,"method":"_compile","native":false},{"column":10,"file":"internal/modules/cjs/loader.js","function":"Module._extensions..js","line":712,"method":".js","native":false},{"column":32,"file":"internal/modules/cjs/loader.js","function":"Module.load","line":600,"method":"load","native":false},{"column":12,"file":"internal/modules/cjs/loader.js","function":"tryModuleLoad","line":539,"method":null,"native":false},{"column":3,"file":"internal/modules/cjs/loader.js","function":"Module._load","line":531,"method":"_load","native":false},{"column":17,"file":"internal/modules/cjs/loader.js","function":"Module.require","line":637,"method":"require","native":false},{"column":18,"file":"internal/modules/cjs/helpers.js","function":"require","line":22,"method":null,"native":false}]}
{"message":"Connecting to MongoDB client...","level":"info"}
{"message":"Seed Data","level":"info"}
{"message":"Server start listening port: 3001","level":"info"}
{"message":"MongoDB client has been successfully created","level":"info"}
{"message":"Connecting to MongoDB client...","level":"info"}
{"message":"Seed Data","level":"info"}
{"message":"Server start listening port: 3001","level":"info"}
{"message":"MongoDB client has been successfully created","level":"info"}
{"message":"Connecting to MongoDB client...","level":"info"}
{"message":"Seed Data","level":"info"}
{"message":"Server start listening port: 3001","level":"info"}
{"message":"MongoDB client has been successfully created","level":"info"}
{"message":"Connecting to MongoDB client...","level":"info"}
{"message":"Seed Data","level":"info"}
{"message":"Server start listening port: 3001","level":"info"}
{"message":"MongoDB client has been successfully created","level":"info"}
{"message":"Connecting to MongoDB client...","level":"info"}
{"message":"Seed Data","level":"info"}
{"message":"Server start listening port: 3001","level":"info"}
{"message":"MongoDB client has been successfully created","level":"info"}
{"message":"Connecting to MongoDB client...","level":"info"}
{"message":"Seed Data","level":"info"}
{"message":"Server start listening port: 3001","level":"info"}
{"message":"MongoDB client has been successfully created","level":"info"}
{"message":"Connecting to MongoDB client...","level":"info"}
{"message":"Seed Data","level":"info"}
{"message":"Server start listening port: 3001","level":"info"}
{"message":"MongoDB client has been successfully created","level":"info"}
{"message":"Connecting to MongoDB client...","level":"info"}
{"message":"Seed Data","level":"info"}
{"message":"Server start listening port: 3001","level":"info"}
{"message":"MongoDB client has been successfully created","level":"info"}
{"message":"Connecting to MongoDB client...","level":"info"}
{"message":"Seed Data","level":"info"}
{"message":"Server start listening port: 3001","level":"info"}
{"message":"MongoDB client has been successfully created","level":"info"}
{"message":"Connecting to MongoDB client...","level":"info"}
{"message":"Seed Data","level":"info"}
{"message":"Server start listening port: 3001","level":"info"}
{"message":"MongoDB client has been successfully created","level":"info"}
{"message":"Connecting to MongoDB client...","level":"info"}
{"message":"Seed Data","level":"info"}
{"message":"Server start listening port: 3001","level":"info"}
{"message":"MongoDB client has been successfully created","level":"info"}
{"message":"Connecting to MongoDB client...","level":"info"}
{"message":"Seed Data","level":"info"}
{"message":"Server start listening port: 3001","level":"info"}
{"message":"MongoDB client has been successfully created","level":"info"}
{"message":"Connecting to MongoDB client...","level":"info"}
{"message":"Seed Data","level":"info"}
{"message":"Server start listening port: 3001","level":"info"}
{"message":"MongoDB client has been successfully created","level":"info"}
{"message":"Connecting to MongoDB client...","level":"info"}
{"message":"Seed Data","level":"info"}
{"message":"Server start listening port: 3001","level":"info"}
{"message":"MongoDB client has been successfully created","level":"info"}
{"message":"Connecting to MongoDB client...","level":"info"}
{"message":"Seed Data","level":"info"}
{"message":"Server start listening port: 3001","level":"info"}
{"message":"MongoDB client has been successfully created","level":"info"}
{"message":"Connecting to MongoDB client...","level":"info"}
{"message":"Seed Data","level":"info"}
{"message":"Server start listening port: 3001","level":"info"}
{"message":"MongoDB client has been successfully created","level":"info"}
{"level":"error"}
{"message":"Connecting to MongoDB client...","level":"info"}
{"message":"Seed Data","level":"info"}
{"message":"Server start listening port: 3001","level":"info"}
{"message":"MongoDB client has been successfully created","level":"info"}
{"message":"Connecting to MongoDB client...","level":"info"}
{"error":{},"level":"error","message":"uncaughtException: authorization is not defined\nReferenceError: authorization is not defined\n    at Object.<anonymous> (E:\\projects\\CRUD-nodejs-angular\\backend\\src\\passport.js:44:41)\n    at Module._compile (internal/modules/cjs/loader.js:701:30)\n    at Object.Module._extensions..js (internal/modules/cjs/loader.js:712:10)\n    at Module.load (internal/modules/cjs/loader.js:600:32)\n    at tryModuleLoad (internal/modules/cjs/loader.js:539:12)\n    at Function.Module._load (internal/modules/cjs/loader.js:531:3)\n    at Module.require (internal/modules/cjs/loader.js:637:17)\n    at require (internal/modules/cjs/helpers.js:22:18)\n    at Object.<anonymous> (E:\\projects\\CRUD-nodejs-angular\\backend\\src\\app.js:17:1)\n    at Module._compile (internal/modules/cjs/loader.js:701:30)","stack":"ReferenceError: authorization is not defined\n    at Object.<anonymous> (E:\\projects\\CRUD-nodejs-angular\\backend\\src\\passport.js:44:41)\n    at Module._compile (internal/modules/cjs/loader.js:701:30)\n    at Object.Module._extensions..js (internal/modules/cjs/loader.js:712:10)\n    at Module.load (internal/modules/cjs/loader.js:600:32)\n    at tryModuleLoad (internal/modules/cjs/loader.js:539:12)\n    at Function.Module._load (internal/modules/cjs/loader.js:531:3)\n    at Module.require (internal/modules/cjs/loader.js:637:17)\n    at require (internal/modules/cjs/helpers.js:22:18)\n    at Object.<anonymous> (E:\\projects\\CRUD-nodejs-angular\\backend\\src\\app.js:17:1)\n    at Module._compile (internal/modules/cjs/loader.js:701:30)","exception":true,"date":"Sun Jul 19 2020 14:24:36 GMT+0530 (India Standard Time)","process":{"pid":6588,"uid":null,"gid":null,"cwd":"E:\\projects\\CRUD-nodejs-angular\\backend","execPath":"E:\\Program Files\\node\\node.exe","version":"v10.15.3","argv":["E:\\Program Files\\node\\node.exe","E:\\projects\\CRUD-nodejs-angular\\backend\\src\\app.js"],"memoryUsage":{"rss":51908608,"heapTotal":40480768,"heapUsed":19644080,"external":18419669}},"os":{"loadavg":[0,0,0],"uptime":350948},"trace":[{"column":41,"file":"E:\\projects\\CRUD-nodejs-angular\\backend\\src\\passport.js","function":null,"line":44,"method":null,"native":false},{"column":30,"file":"internal/modules/cjs/loader.js","function":"Module._compile","line":701,"method":"_compile","native":false},{"column":10,"file":"internal/modules/cjs/loader.js","function":"Module._extensions..js","line":712,"method":".js","native":false},{"column":32,"file":"internal/modules/cjs/loader.js","function":"Module.load","line":600,"method":"load","native":false},{"column":12,"file":"internal/modules/cjs/loader.js","function":"tryModuleLoad","line":539,"method":null,"native":false},{"column":3,"file":"internal/modules/cjs/loader.js","function":"Module._load","line":531,"method":"_load","native":false},{"column":17,"file":"internal/modules/cjs/loader.js","function":"Module.require","line":637,"method":"require","native":false},{"column":18,"file":"internal/modules/cjs/helpers.js","function":"require","line":22,"method":null,"native":false},{"column":1,"file":"E:\\projects\\CRUD-nodejs-angular\\backend\\src\\app.js","function":null,"line":17,"method":null,"native":false},{"column":30,"file":"internal/modules/cjs/loader.js","function":"Module._compile","line":701,"method":"_compile","native":false}]}
{"message":"Connecting to MongoDB client...","level":"info"}
{"message":"Seed Data","level":"info"}
{"message":"Server start listening port: 3001","level":"info"}
{"message":"MongoDB client has been successfully created","level":"info"}
{"message":"Connecting to MongoDB client...","level":"info"}
{"message":"Seed Data","level":"info"}
{"message":"Server start listening port: 3001","level":"info"}
{"message":"MongoDB client has been successfully created","level":"info"}
{"message":"Connecting to MongoDB client...","level":"info"}
{"message":"Seed Data","level":"info"}
{"message":"Server start listening port: 3001","level":"info"}
{"message":"MongoDB client has been successfully created","level":"info"}
{"message":"Connecting to MongoDB client...","level":"info"}
{"message":"Seed Data","level":"info"}
{"message":"Server start listening port: 3001","level":"info"}
{"message":"MongoDB client has been successfully created","level":"info"}
{"message":"Connecting to MongoDB client...","level":"info"}
{"message":"Seed Data","level":"info"}
{"message":"Server start listening port: 3001","level":"info"}
{"message":"MongoDB client has been successfully created","level":"info"}
{"message":"Connecting to MongoDB client...","level":"info"}
{"message":"Seed Data","level":"info"}
{"message":"Server start listening port: 3001","level":"info"}
{"message":"MongoDB client has been successfully created","level":"info"}
{"message":"Connecting to MongoDB client...","level":"info"}
{"message":"Seed Data","level":"info"}
{"message":"Server start listening port: 3001","level":"info"}
{"message":"MongoDB client has been successfully created","level":"info"}
{"message":"Connecting to MongoDB client...","level":"info"}
{"message":"Seed Data","level":"info"}
{"message":"Server start listening port: 3001","level":"info"}
{"message":"MongoDB client has been successfully created","level":"info"}
